<?xml version="1.0" encoding="UTF-8"?>
<testng-results ignored="0" total="1" passed="1" failed="0" skipped="0">
  <reporter-output>
  </reporter-output>
  <suite started-at="2024-04-22T07:42:08 IST" name="Surefire suite" finished-at="2024-04-22T07:42:18 IST" duration-ms="9631">
    <groups>
    </groups>
    <test started-at="2024-04-22T07:42:08 IST" name="Surefire test" finished-at="2024-04-22T07:42:18 IST" duration-ms="9631">
      <class name="beauty.LaunchLakme_Test">
        <test-method signature="lakme()[pri:0, instance:beauty.LaunchLakme_Test@667a738]" started-at="2024-04-22T07:42:08 IST" name="lakme" finished-at="2024-04-22T07:42:18 IST" duration-ms="9601" status="PASS">
          <reporter-output>
          </reporter-output>
        </test-method> <!-- lakme -->
      </class> <!-- beauty.LaunchLakme_Test -->
    </test> <!-- Surefire test -->
  </suite> <!-- Surefire suite -->
</testng-results>
