<?xml version="1.0" encoding="UTF-8"?>
<testng-results ignored="0" total="1" passed="1" failed="0" skipped="0">
  <reporter-output>
  </reporter-output>
  <suite started-at="2024-04-18T09:17:09 IST" name="Default suite" finished-at="2024-04-18T09:17:15 IST" duration-ms="5862">
    <groups>
    </groups>
    <test started-at="2024-04-18T09:17:09 IST" name="Default test" finished-at="2024-04-18T09:17:15 IST" duration-ms="5862">
      <class name="food.LaunchDominos_Test">
        <test-method signature="dominos()[pri:0, instance:food.LaunchDominos_Test@662b4c69]" started-at="2024-04-18T09:17:09 IST" name="dominos" finished-at="2024-04-18T09:17:15 IST" duration-ms="5830" status="PASS">
          <reporter-output>
          </reporter-output>
        </test-method> <!-- dominos -->
      </class> <!-- food.LaunchDominos_Test -->
    </test> <!-- Default test -->
  </suite> <!-- Default suite -->
</testng-results>
